<?xml version="1.0" encoding="UTF-8"?>
<testsuite name="com.jasmine.crawler.cron.job.BindTaskJobTest" tests="1" skipped="0" failures="0" errors="0" timestamp="2020-07-30T11:55:26" hostname="pc-fal" time="0.369">
  <properties/>
  <testcase name="testRun" classname="com.jasmine.crawler.cron.job.BindTaskJobTest" time="0.369"/>
  <system-out><![CDATA[19:55:21.317 [Test worker] DEBUG org.springframework.test.context.junit4.SpringJUnit4ClassRunner - SpringJUnit4ClassRunner constructor called with [class com.jasmine.crawler.cron.job.BindTaskJobTest]
19:55:21.379 [Test worker] DEBUG org.springframework.test.context.BootstrapUtils - Instantiating CacheAwareContextLoaderDelegate from class [org.springframework.test.context.cache.DefaultCacheAwareContextLoaderDelegate]
19:55:21.390 [Test worker] DEBUG org.springframework.test.context.BootstrapUtils - Instantiating BootstrapContext using constructor [public org.springframework.test.context.support.DefaultBootstrapContext(java.lang.Class,org.springframework.test.context.CacheAwareContextLoaderDelegate)]
19:55:21.426 [Test worker] DEBUG org.springframework.test.context.BootstrapUtils - Instantiating TestContextBootstrapper for test class [com.jasmine.crawler.cron.job.BindTaskJobTest] from class [org.springframework.boot.test.context.SpringBootTestContextBootstrapper]
19:55:21.466 [Test worker] INFO org.springframework.boot.test.context.SpringBootTestContextBootstrapper - Neither @ContextConfiguration nor @ContextHierarchy found for test class [com.jasmine.crawler.cron.job.BindTaskJobTest], using SpringBootContextLoader
19:55:21.471 [Test worker] DEBUG org.springframework.test.context.support.AbstractContextLoader - Did not detect default resource location for test class [com.jasmine.crawler.cron.job.BindTaskJobTest]: class path resource [com/jasmine/crawler/cron/job/BindTaskJobTest-context.xml] does not exist
19:55:21.471 [Test worker] DEBUG org.springframework.test.context.support.AbstractContextLoader - Did not detect default resource location for test class [com.jasmine.crawler.cron.job.BindTaskJobTest]: class path resource [com/jasmine/crawler/cron/job/BindTaskJobTestContext.groovy] does not exist
19:55:21.471 [Test worker] INFO org.springframework.test.context.support.AbstractContextLoader - Could not detect default resource locations for test class [com.jasmine.crawler.cron.job.BindTaskJobTest]: no resource found for suffixes {-context.xml, Context.groovy}.
19:55:21.526 [Test worker] DEBUG org.springframework.test.context.support.ActiveProfilesUtils - Could not find an 'annotation declaring class' for annotation type [org.springframework.test.context.ActiveProfiles] and class [com.jasmine.crawler.cron.job.BindTaskJobTest]
19:55:21.729 [Test worker] DEBUG org.springframework.boot.test.context.SpringBootTestContextBootstrapper - @TestExecutionListeners is not present for class [com.jasmine.crawler.cron.job.BindTaskJobTest]: using defaults.
19:55:21.730 [Test worker] INFO org.springframework.boot.test.context.SpringBootTestContextBootstrapper - Loaded default TestExecutionListener class names from location [META-INF/spring.factories]: [org.springframework.boot.test.autoconfigure.restdocs.RestDocsTestExecutionListener, org.springframework.boot.test.autoconfigure.web.client.MockRestServiceServerResetTestExecutionListener, org.springframework.boot.test.autoconfigure.web.servlet.MockMvcPrintOnlyOnFailureTestExecutionListener, org.springframework.boot.test.autoconfigure.web.servlet.WebDriverTestExecutionListener, org.springframework.boot.test.mock.mockito.MockitoTestExecutionListener, org.springframework.boot.test.mock.mockito.ResetMocksTestExecutionListener, org.springframework.test.context.web.ServletTestExecutionListener, org.springframework.test.context.support.DirtiesContextBeforeModesTestExecutionListener, org.springframework.test.context.support.DependencyInjectionTestExecutionListener, org.springframework.test.context.support.DirtiesContextTestExecutionListener, org.springframework.test.context.transaction.TransactionalTestExecutionListener, org.springframework.test.context.jdbc.SqlScriptsTestExecutionListener]
19:55:21.749 [Test worker] INFO org.springframework.boot.test.context.SpringBootTestContextBootstrapper - Using TestExecutionListeners: [org.springframework.test.context.web.ServletTestExecutionListener@2310aadb, org.springframework.test.context.support.DirtiesContextBeforeModesTestExecutionListener@64d6255d, org.springframework.boot.test.mock.mockito.MockitoTestExecutionListener@26b073bc, org.springframework.boot.test.autoconfigure.SpringBootDependencyInjectionTestExecutionListener@6eb468d4, org.springframework.test.context.support.DirtiesContextTestExecutionListener@485451ab, org.springframework.test.context.transaction.TransactionalTestExecutionListener@1dfd7931, org.springframework.test.context.jdbc.SqlScriptsTestExecutionListener@38f5d4a1, org.springframework.boot.test.autoconfigure.restdocs.RestDocsTestExecutionListener@75caf9a3, org.springframework.boot.test.autoconfigure.web.client.MockRestServiceServerResetTestExecutionListener@1f7927b8, org.springframework.boot.test.autoconfigure.web.servlet.MockMvcPrintOnlyOnFailureTestExecutionListener@693be197, org.springframework.boot.test.autoconfigure.web.servlet.WebDriverTestExecutionListener@7f7d60cd, org.springframework.boot.test.mock.mockito.ResetMocksTestExecutionListener@5d588960]
19:55:21.753 [Test worker] DEBUG org.springframework.test.annotation.ProfileValueUtils - Retrieved @ProfileValueSourceConfiguration [null] for test class [com.jasmine.crawler.cron.job.BindTaskJobTest]
19:55:21.754 [Test worker] DEBUG org.springframework.test.annotation.ProfileValueUtils - Retrieved ProfileValueSource type [class org.springframework.test.annotation.SystemProfileValueSource] for class [com.jasmine.crawler.cron.job.BindTaskJobTest]
19:55:21.762 [Test worker] DEBUG org.springframework.test.annotation.ProfileValueUtils - Retrieved @ProfileValueSourceConfiguration [null] for test class [com.jasmine.crawler.cron.job.BindTaskJobTest]
19:55:21.762 [Test worker] DEBUG org.springframework.test.annotation.ProfileValueUtils - Retrieved ProfileValueSource type [class org.springframework.test.annotation.SystemProfileValueSource] for class [com.jasmine.crawler.cron.job.BindTaskJobTest]
19:55:21.766 [Test worker] DEBUG org.springframework.test.annotation.ProfileValueUtils - Retrieved @ProfileValueSourceConfiguration [null] for test class [com.jasmine.crawler.cron.job.BindTaskJobTest]
19:55:21.766 [Test worker] DEBUG org.springframework.test.annotation.ProfileValueUtils - Retrieved ProfileValueSource type [class org.springframework.test.annotation.SystemProfileValueSource] for class [com.jasmine.crawler.cron.job.BindTaskJobTest]
19:55:21.773 [Test worker] DEBUG org.springframework.test.context.support.AbstractDirtiesContextTestExecutionListener - Before test class: context [DefaultTestContext@2001f23d testClass = BindTaskJobTest, testInstance = [null], testMethod = [null], testException = [null], mergedContextConfiguration = [WebMergedContextConfiguration@4cf6ddee testClass = BindTaskJobTest, locations = '{}', classes = '{class com.jasmine.crawler.cron.Application, class com.jasmine.crawler.cron.Application}', contextInitializerClasses = '[]', activeProfiles = '{}', propertySourceLocations = '{}', propertySourceProperties = '{org.springframework.boot.test.context.SpringBootTestContextBootstrapper=true}', contextCustomizers = set[org.springframework.boot.test.autoconfigure.properties.PropertyMappingContextCustomizer@0, org.springframework.boot.test.autoconfigure.web.servlet.WebDriverContextCustomizerFactory$Customizer@3beb4e43, org.springframework.boot.test.context.filter.ExcludeFilterContextCustomizer@6897caf6, org.springframework.boot.test.json.DuplicateJsonObjectContextCustomizerFactory$DuplicateJsonObjectContextCustomizer@df73ddf, org.springframework.boot.test.mock.mockito.MockitoContextCustomizer@0, org.springframework.boot.test.web.client.TestRestTemplateContextCustomizer@3af6cae3], resourceBasePath = 'src/main/webapp', contextLoader = 'org.springframework.boot.test.context.SpringBootContextLoader', parent = [null]], attributes = map['org.springframework.test.context.web.ServletTestExecutionListener.activateListener' -> true]], class annotated with @DirtiesContext [false] with mode [null].
19:55:21.774 [Test worker] DEBUG org.springframework.test.annotation.ProfileValueUtils - Retrieved @ProfileValueSourceConfiguration [null] for test class [com.jasmine.crawler.cron.job.BindTaskJobTest]
19:55:21.775 [Test worker] DEBUG org.springframework.test.annotation.ProfileValueUtils - Retrieved ProfileValueSource type [class org.springframework.test.annotation.SystemProfileValueSource] for class [com.jasmine.crawler.cron.job.BindTaskJobTest]
19:55:21.861 [Test worker] DEBUG org.springframework.test.context.support.TestPropertySourceUtils - Adding inlined properties to environment: {spring.jmx.enabled=false, org.springframework.boot.test.context.SpringBootTestContextBootstrapper=true, server.port=-1}

  .   ____          _            __ _ _
 /\\ / ___'_ __ _ _(_)_ __  __ _ \ \ \ \
( ( )\___ | '_ | '_| | '_ \/ _` | \ \ \ \
 \\/  ___)| |_)| | | | | || (_| |  ) ) ) )
  '  |____| .__|_| |_|_| |_\__, | / / / /
 =========|_|==============|___/=/_/_/_/
 :: Spring Boot ::        (v2.1.8.RELEASE)

2020-07-30 19:55:22.448  INFO 23760 --- [    Test worker] c.j.crawler.cron.job.BindTaskJobTest     : Starting BindTaskJobTest on pc-fal with PID 23760 (started by Administrator in D:\test\crawler\crawler\jasmine-crawler\cron)
2020-07-30 19:55:22.449  INFO 23760 --- [    Test worker] c.j.crawler.cron.job.BindTaskJobTest     : No active profile set, falling back to default profiles: default
2020-07-30 19:55:26.034  INFO 23760 --- [    Test worker] o.s.s.concurrent.ThreadPoolTaskExecutor  : Initializing ExecutorService 'applicationTaskExecutor'
2020-07-30 19:55:26.506  INFO 23760 --- [    Test worker] o.s.s.c.ThreadPoolTaskScheduler          : Initializing ExecutorService 'taskScheduler'
2020-07-30 19:55:26.633  INFO 23760 --- [    Test worker] c.j.crawler.cron.job.BindTaskJobTest     : Started BindTaskJobTest in 4.761 seconds (JVM running for 6.903)
]]></system-out>
  <system-err><![CDATA[]]></system-err>
</testsuite>
